<testsuite name="features.userStory.User Story" tests="1" errors="1" failures="0" skipped="0" time="10.285819" timestamp="2024-01-02T22:51:33.893642" hostname="LAPTOP-J2ILCKGQ"><testcase classname="features.userStory.User Story" name="Input Apps Desc" status="failed" time="10.285819"><error type="ElementClickInterceptedException" message="Message: element click intercepted: Element is not clickable at point (518, 720)&#10;  (Session info: chrome=120.0.6099.130)&#10;Stacktrace:&#10;&#09;GetHandleVerifier [0x00007FF743C72142+3514994]&#10;&#09;(No symbol) [0x00007FF743890CE2]&#10;&#09;(No symbol) [0x00007FF7437376AA]&#10;&#09;(No symbol) [0x00007FF7437888F3]&#10;&#09;(No symbol) [0x00007FF7437868ED]&#10;&#09;(No symbol) [0x00007FF7437840EC]&#10;&#09;(No symbol) [0x00007FF743782EA5]&#10;&#09;(No symbol) [0x00007FF743776A0F]&#10;&#09;(No symbol) [0x00007FF7437A5FEA]&#10;&#09;(No symbol) [0x00007FF7437763B6]&#10;&#09;(No symbol) [0x00007FF7437A6490]&#10;&#09;(No symbol) [0x00007FF7437C28F6]&#10;&#09;(No symbol) [0x00007FF7437A5D93]&#10;&#09;(No symbol) [0x00007FF743774BDC]&#10;&#09;(No symbol) [0x00007FF743775C64]&#10;&#09;GetHandleVerifier [0x00007FF743C9E16B+3695259]&#10;&#09;GetHandleVerifier [0x00007FF743CF6737+4057191]&#10;&#09;GetHandleVerifier [0x00007FF743CEE4E3+4023827]&#10;&#09;GetHandleVerifier [0x00007FF7439C04F9+689705]&#10;&#09;(No symbol) [0x00007FF74389C048]&#10;&#09;(No symbol) [0x00007FF743898044]&#10;&#09;(No symbol) [0x00007FF7438981C9]&#10;&#09;(No symbol) [0x00007FF7438888C4]&#10;&#09;BaseThreadInitThunk [0x00007FFED86D257D+29]&#10;&#09;RtlUserThreadStart [0x00007FFED940AA58+40]&#10;">
<![CDATA[
Failing step: And i press generate button ... failed in 1.103s
Location: client/tests/acceptance/features/userStory.feature:8
Traceback (most recent call last):
  File "c:\users\darfito\appdata\local\programs\python\python39\lib\site-packages\behave\model.py", line 1329, in run
    match.run(runner.context)
  File "c:\users\darfito\appdata\local\programs\python\python39\lib\site-packages\behave\matchers.py", line 98, in run
    self.func(context, *args, **kwargs)
  File "client\tests\acceptance\steps\userStory.py", line 46, in step_impl
    generate_button.click()
  File "c:\users\darfito\appdata\local\programs\python\python39\lib\site-packages\selenium\webdriver\remote\webelement.py", line 94, in click
    self._execute(Command.CLICK_ELEMENT)
  File "c:\users\darfito\appdata\local\programs\python\python39\lib\site-packages\selenium\webdriver\remote\webelement.py", line 395, in _execute
    return self._parent.execute(command, params)
  File "c:\users\darfito\appdata\local\programs\python\python39\lib\site-packages\selenium\webdriver\remote\webdriver.py", line 348, in execute
    self.error_handler.check_response(response)
  File "c:\users\darfito\appdata\local\programs\python\python39\lib\site-packages\selenium\webdriver\remote\errorhandler.py", line 229, in check_response
    raise exception_class(message, screen, stacktrace)
selenium.common.exceptions.ElementClickInterceptedException: Message: element click intercepted: Element is not clickable at point (518, 720)
  (Session info: chrome=120.0.6099.130)
Stacktrace:
	GetHandleVerifier [0x00007FF743C72142+3514994]
	(No symbol) [0x00007FF743890CE2]
	(No symbol) [0x00007FF7437376AA]
	(No symbol) [0x00007FF7437888F3]
	(No symbol) [0x00007FF7437868ED]
	(No symbol) [0x00007FF7437840EC]
	(No symbol) [0x00007FF743782EA5]
	(No symbol) [0x00007FF743776A0F]
	(No symbol) [0x00007FF7437A5FEA]
	(No symbol) [0x00007FF7437763B6]
	(No symbol) [0x00007FF7437A6490]
	(No symbol) [0x00007FF7437C28F6]
	(No symbol) [0x00007FF7437A5D93]
	(No symbol) [0x00007FF743774BDC]
	(No symbol) [0x00007FF743775C64]
	GetHandleVerifier [0x00007FF743C9E16B+3695259]
	GetHandleVerifier [0x00007FF743CF6737+4057191]
	GetHandleVerifier [0x00007FF743CEE4E3+4023827]
	GetHandleVerifier [0x00007FF7439C04F9+689705]
	(No symbol) [0x00007FF74389C048]
	(No symbol) [0x00007FF743898044]
	(No symbol) [0x00007FF7438981C9]
	(No symbol) [0x00007FF7438888C4]
	BaseThreadInitThunk [0x00007FFED86D257D+29]
	RtlUserThreadStart [0x00007FFED940AA58+40]

]]>
</error><system-out>
<![CDATA[
@scenario.begin
  Scenario: Input Apps Desc
    Given i am on Dashboard Page ... passed in 2.968s
    When i press add project button ... passed in 5.622s
    Then i should be on input user story page ... passed in 0.004s
    When i fill all field in User Story Form with title and apps desc ... passed in 0.589s
    And i press generate button ... failed in 1.103s
    Then i should see user story list ... skipped in 0.000s

@scenario.end
--------------------------------------------------------------------------------
]]>
</system-out></testcase></testsuite>